<?xml version="1.0" encoding="UTF-8"?>
<testsuite name="TestSuite" time="4.093" tests="33" errors="0" skipped="0" failures="1">
  <properties>
    <property name="java.runtime.name" value="Java(TM) SE Runtime Environment"/>
    <property name="sun.boot.library.path" value="C:\Program Files\Java\jdk1.8.0_333\jre\bin"/>
    <property name="java.vm.version" value="25.333-b02"/>
    <property name="java.vm.vendor" value="Oracle Corporation"/>
    <property name="maven.multiModuleProjectDirectory" value="C:\Users\Vikas Ingle\eclipse-workspace\RestAssuredFramework_TestNG"/>
    <property name="java.vendor.url" value="http://java.oracle.com/"/>
    <property name="path.separator" value=";"/>
    <property name="guice.disable.misplaced.annotation.check" value="true"/>
    <property name="java.vm.name" value="Java HotSpot(TM) 64-Bit Server VM"/>
    <property name="file.encoding.pkg" value="sun.io"/>
    <property name="user.script" value=""/>
    <property name="user.country" value="US"/>
    <property name="sun.java.launcher" value="SUN_STANDARD"/>
    <property name="sun.os.patch.level" value=""/>
    <property name="java.vm.specification.name" value="Java Virtual Machine Specification"/>
    <property name="user.dir" value="C:\Users\Vikas Ingle\eclipse-workspace\RestAssuredFramework_TestNG"/>
    <property name="java.runtime.version" value="1.8.0_333-b02"/>
    <property name="java.awt.graphicsenv" value="sun.awt.Win32GraphicsEnvironment"/>
    <property name="java.endorsed.dirs" value="C:\Program Files\Java\jdk1.8.0_333\jre\lib\endorsed"/>
    <property name="os.arch" value="amd64"/>
    <property name="java.io.tmpdir" value="C:\WINDOWS\TEMP\"/>
    <property name="line.separator" value="&#10;"/>
    <property name="java.vm.specification.vendor" value="Oracle Corporation"/>
    <property name="user.variant" value=""/>
    <property name="os.name" value="Windows 10"/>
    <property name="classworlds.conf" value="C:\apache-maven-3.8.5\bin\m2.conf"/>
    <property name="sun.jnu.encoding" value="Cp1252"/>
    <property name="java.library.path" value="C:\Program Files\Java\jdk1.8.0_333\bin;C:\WINDOWS\Sun\Java\bin;C:\WINDOWS\system32;C:\WINDOWS;C:\Program Files\Java\jdk1.8.0_333/bin;C:\Program Files\Java\jdk1.8.0_333/bin;C:\Program Files (x86)\Intel\Intel(R) Management Engine Components\iCLS\;C:\Program Files\Intel\Intel(R) Management Engine Components\iCLS\;C:\Windows\system32;C:\Windows;C:\Windows\System32\Wbem;C:\Windows\System32\WindowsPowerShell\v1.0\;C:\Windows\System32\OpenSSH\;C:\Program Files (x86)\NVIDIA Corporation\PhysX\Common;C:\Program Files (x86)\Intel\Intel(R) Management Engine Components\DAL;C:\Program Files\Intel\Intel(R) Management Engine Components\DAL;C:\Program Files (x86)\Intel\Intel(R) Management Engine Components\IPT;C:\Program Files\Intel\Intel(R) Management Engine Components\IPT;C:\WINDOWS\system32;C:\WINDOWS;C:\WINDOWS\System32\Wbem;C:\WINDOWS\System32\WindowsPowerShell\v1.0\;C:\WINDOWS\System32\OpenSSH\;C:\Program Files\Git\cmd;C:\apache-maven-3.8.5\bin;C:\Program Files\Java\jdk1.8.0_333\bin;C:\Program Files\Java\jdk1.8.0_333\lib;C:\apache-maven-3.8.5\\bin;C:\Program Files\nodejs\;C:\WINDOWS\system32\config\systemprofile\AppData\Local\Microsoft\WindowsApps;."/>
    <property name="maven.conf" value="C:\apache-maven-3.8.5/conf"/>
    <property name="java.specification.name" value="Java Platform API Specification"/>
    <property name="java.class.version" value="52.0"/>
    <property name="sun.management.compiler" value="HotSpot 64-Bit Tiered Compilers"/>
    <property name="os.version" value="10.0"/>
    <property name="library.jansi.path" value="C:\apache-maven-3.8.5\lib\jansi-native"/>
    <property name="user.home" value="C:\WINDOWS\system32\config\systemprofile"/>
    <property name="user.timezone" value="Asia/Calcutta"/>
    <property name="java.awt.printerjob" value="sun.awt.windows.WPrinterJob"/>
    <property name="java.specification.version" value="1.8"/>
    <property name="file.encoding" value="Cp1252"/>
    <property name="user.name" value="LAPTOP-6TA1GC3K$"/>
    <property name="java.class.path" value="C:\apache-maven-3.8.5\boot\plexus-classworlds-2.6.0.jar"/>
    <property name="java.vm.specification.version" value="1.8"/>
    <property name="sun.arch.data.model" value="64"/>
    <property name="java.home" value="C:\Program Files\Java\jdk1.8.0_333\jre"/>
    <property name="sun.java.command" value="org.codehaus.plexus.classworlds.launcher.Launcher clean install"/>
    <property name="java.specification.vendor" value="Oracle Corporation"/>
    <property name="user.language" value="en"/>
    <property name="awt.toolkit" value="sun.awt.windows.WToolkit"/>
    <property name="java.vm.info" value="mixed mode"/>
    <property name="java.version" value="1.8.0_333"/>
    <property name="java.ext.dirs" value="C:\Program Files\Java\jdk1.8.0_333\jre\lib\ext;C:\WINDOWS\Sun\Java\lib\ext"/>
    <property name="sun.boot.class.path" value="C:\Program Files\Java\jdk1.8.0_333\jre\lib\resources.jar;C:\Program Files\Java\jdk1.8.0_333\jre\lib\rt.jar;C:\Program Files\Java\jdk1.8.0_333\jre\lib\sunrsasign.jar;C:\Program Files\Java\jdk1.8.0_333\jre\lib\jsse.jar;C:\Program Files\Java\jdk1.8.0_333\jre\lib\jce.jar;C:\Program Files\Java\jdk1.8.0_333\jre\lib\charsets.jar;C:\Program Files\Java\jdk1.8.0_333\jre\lib\jfr.jar;C:\Program Files\Java\jdk1.8.0_333\jre\classes"/>
    <property name="java.vendor" value="Oracle Corporation"/>
    <property name="maven.home" value="C:\apache-maven-3.8.5"/>
    <property name="file.separator" value="\"/>
    <property name="java.vendor.url.bug" value="http://bugreport.sun.com/bugreport/"/>
    <property name="sun.cpu.endian" value="little"/>
    <property name="sun.io.unicode.encoding" value="UnicodeLittle"/>
    <property name="sun.desktop" value="windows"/>
    <property name="sun.cpu.isalist" value="amd64"/>
  </properties>
  <testcase name="verifyContentLenght" classname="com.airline.testCases.GET_All_Airlines" time="0.141"/>
  <testcase name="verifyContentType" classname="com.airline.testCases.GET_All_Airlines" time="0"/>
  <testcase name="verifyResponseBody" classname="com.airline.testCases.GET_All_Airlines" time="3.064"/>
  <testcase name="verifyResponseTime" classname="com.airline.testCases.GET_All_Airlines" time="0.034">
    <failure message="expected [true] but found [false]" type="java.lang.AssertionError">java.lang.AssertionError: expected [true] but found [false]
	at org.testng.Assert.fail(Assert.java:110)
	at org.testng.Assert.failNotEquals(Assert.java:1413)
	at org.testng.Assert.assertTrue(Assert.java:56)
	at org.testng.Assert.assertTrue(Assert.java:66)
	at com.airline.testCases.GET_All_Airlines.verifyResponseTime(GET_All_Airlines.java:82)
</failure>
    <system-out><![CDATA[ INFO [main] (GET_All_Airlines.java:72)- <------------ Verifying Response Time ----------->
 INFO [main] (GET_All_Airlines.java:75)- Response Time: 33741
 WARN [main] (GET_All_Airlines.java:79)- Response time is greater than 6000
]]></system-out>
  </testcase>
  <testcase name="verifyServerType" classname="com.airline.testCases.GET_All_Airlines" time="0.001"/>
  <testcase name="verifyStatusCode" classname="com.airline.testCases.GET_All_Airlines" time="0.001"/>
  <testcase name="verifyStatusLine" classname="com.airline.testCases.GET_All_Airlines" time="0.004"/>
  <testcase name="verifyInvalidAIDContentType" classname="com.airline.testCases.POST_Passenger_Record" time="0.002"/>
  <testcase name="verifyInvalidAIDResposeBody" classname="com.airline.testCases.POST_Passenger_Record" time="0.002"/>
  <testcase name="verifyInvalidAIDStatusCode" classname="com.airline.testCases.POST_Passenger_Record" time="0.002"/>
  <testcase name="verifyInvalidAIDserverType" classname="com.airline.testCases.POST_Passenger_Record" time="0.001"/>
  <testcase name="verifyInvalidAIDstatusLine" classname="com.airline.testCases.POST_Passenger_Record" time="0.001"/>
  <testcase name="verifyValidAIDContentType" classname="com.airline.testCases.POST_Passenger_Record" time="0.002"/>
  <testcase name="verifyValidAIDResposeBody" classname="com.airline.testCases.POST_Passenger_Record" time="0"/>
  <testcase name="verifyValidAIDStatusCode" classname="com.airline.testCases.POST_Passenger_Record" time="0.001"/>
  <testcase name="verifyValidAIDZGetPassengerID" classname="com.airline.testCases.POST_Passenger_Record" time="0.81"/>
  <testcase name="verifyValidAIDserverType" classname="com.airline.testCases.POST_Passenger_Record" time="0.001"/>
  <testcase name="verifyValidAIDstatusLine" classname="com.airline.testCases.POST_Passenger_Record" time="0.001"/>
  <testcase name="verifyContentType" classname="com.airline.testCases.PUT_Update_Passenger_Record" time="0.002"/>
  <testcase name="verifyResposeBody" classname="com.airline.testCases.PUT_Update_Passenger_Record" time="0.002"/>
  <testcase name="verifyStatusCode" classname="com.airline.testCases.PUT_Update_Passenger_Record" time="0.001"/>
  <testcase name="verifyserverType" classname="com.airline.testCases.PUT_Update_Passenger_Record" time="0.001"/>
  <testcase name="verifystatusLine" classname="com.airline.testCases.PUT_Update_Passenger_Record" time="0.001"/>
  <testcase name="verifyContentType" classname="com.airline.testCases.PATCH_Modify_Passenger_Record" time="0.003"/>
  <testcase name="verifyResposeBody" classname="com.airline.testCases.PATCH_Modify_Passenger_Record" time="0.002"/>
  <testcase name="verifyStatusCode" classname="com.airline.testCases.PATCH_Modify_Passenger_Record" time="0.001"/>
  <testcase name="verifyserverType" classname="com.airline.testCases.PATCH_Modify_Passenger_Record" time="0.001"/>
  <testcase name="verifystatusLine" classname="com.airline.testCases.PATCH_Modify_Passenger_Record" time="0.002"/>
  <testcase name="verifyContentType" classname="com.airline.testCases.DELETE_Passenger_Record" time="0.001"/>
  <testcase name="verifyResposeBody" classname="com.airline.testCases.DELETE_Passenger_Record" time="0.003"/>
  <testcase name="verifyStatusCode" classname="com.airline.testCases.DELETE_Passenger_Record" time="0.002"/>
  <testcase name="verifyserverType" classname="com.airline.testCases.DELETE_Passenger_Record" time="0.001"/>
  <testcase name="verifystatusLine" classname="com.airline.testCases.DELETE_Passenger_Record" time="0.002"/>
</testsuite>