<?xml version="1.0" encoding="UTF-8"?>
<!-- Generated by org.testng.reporters.JUnitReportReporter -->
<testsuite skipped="0" hostname="LAPTOP-6TA1GC3K" name="com.airline.testCases.POST_Passenger_Record" tests="11" failures="0" timestamp="2022-05-22T16:32:49 IST" time="1.511" errors="0">
  <testcase name="verifyInvalidAIDserverType" time="0.003" classname="com.airline.testCases.POST_Passenger_Record"/>
  <system-out/>
  <testcase name="verifyValidAIDserverType" time="0.001" classname="com.airline.testCases.POST_Passenger_Record"/>
  <system-out/>
  <testcase name="verifyValidAIDStatusCode" time="0.001" classname="com.airline.testCases.POST_Passenger_Record"/>
  <system-out/>
  <testcase name="verifyValidAIDstatusLine" time="0.001" classname="com.airline.testCases.POST_Passenger_Record"/>
  <system-out/>
  <testcase name="verifyValidAIDZGetPassengerID" time="1.493" classname="com.airline.testCases.POST_Passenger_Record"/>
  <system-out/>
  <testcase name="verifyInvalidAIDContentType" time="0.002" classname="com.airline.testCases.POST_Passenger_Record"/>
  <system-out/>
  <testcase name="verifyInvalidAIDResposeBody" time="0.003" classname="com.airline.testCases.POST_Passenger_Record"/>
  <system-out/>
  <testcase name="verifyValidAIDResposeBody" time="0.001" classname="com.airline.testCases.POST_Passenger_Record"/>
  <system-out/>
  <testcase name="verifyInvalidAIDStatusCode" time="0.003" classname="com.airline.testCases.POST_Passenger_Record"/>
  <system-out/>
  <testcase name="verifyInvalidAIDstatusLine" time="0.002" classname="com.airline.testCases.POST_Passenger_Record"/>
  <system-out/>
  <testcase name="verifyValidAIDContentType" time="0.001" classname="com.airline.testCases.POST_Passenger_Record"/>
  <system-out/>
</testsuite> <!-- com.airline.testCases.POST_Passenger_Record -->
